<?xml version="1.0" encoding="UTF-8"?>
<testsuite xmlns:xsi="http://www.w3.org/2001/XMLSchema-instance" xsi:noNamespaceSchemaLocation="https://maven.apache.org/surefire/maven-surefire-plugin/xsd/surefire-test-report.xsd" name="com.example.demo.cucumber.PaymentServiceTest" time="14.187" tests="4" errors="0" skipped="0" failures="0">
  <properties>
[...]
</properties>
  <testcase name="Transacciones #1" classname="Procesar una petición de pago" time="12.811"/>
  <testcase name="Transacciones #2" classname="Procesar una petición de pago" time="0.666"/>
  <testcase name="Transacciones #3" classname="Procesar una petición de pago" time="0.053"/>
  <testcase name="Transacciones #4" classname="Procesar una petición de pago" time="0.03"/>
</testsuite>